<?xml version="1.0" encoding="UTF-8"?>
<!-- Generated by org.testng.reporters.JUnitReportReporter -->
<testsuite hostname="abdos-MacBook-Pro.local" failures="0" tests="1" name="testPackage.NewTest" time="6.447" errors="0"
           timestamp="2022-03-14T16:54:37 EET" skipped="0">
    <testcase classname="testPackage.NewTest" name="f" time="6.447"/>
    <system-out/>
</testsuite> <!-- testPackage.NewTest -->
